{"numTotalTestSuites":7,"numPassedTestSuites":3,"numFailedTestSuites":4,"numPendingTestSuites":0,"numTotalTests":11,"numPassedTests":9,"numFailedTests":2,"numPendingTests":0,"numTodoTests":0,"snapshot":{"added":0,"failure":false,"filesAdded":0,"filesRemoved":0,"filesRemovedList":[],"filesUnmatched":0,"filesUpdated":0,"matched":0,"total":0,"unchecked":0,"uncheckedKeysByFile":[],"unmatched":0,"updated":0,"didUpdate":false},"startTime":1774554976288,"success":false,"testResults":[{"assertionResults":[{"ancestorTitles":["Admin Impersonation","startImpersonation"],"fullName":"Admin Impersonation startImpersonation should allow super_admin to impersonate regular user","status":"passed","title":"should allow super_admin to impersonate regular user","duration":41.72199999999998,"failureMessages":[],"meta":{}},{"ancestorTitles":["Admin Impersonation","startImpersonation"],"fullName":"Admin Impersonation startImpersonation should reject non-super_admin from impersonating","status":"failed","title":"should reject non-super_admin from impersonating","duration":2.9197000000000344,"failureMessages":["ReferenceError: regularAdminId is not defined\n    at C:/Users/josia/Desktop/Anti_MartAI/MartAI/__tests__/convex/security/impersonation.test.ts:83:36\n    at processTicksAndRejections (node:internal/process/task_queues:105:5)\n    at file:///C:/Users/josia/Desktop/Anti_MartAI/MartAI/node_modules/@vitest/runner/dist/index.js:915:20"],"meta":{}},{"ancestorTitles":["Admin Impersonation","startImpersonation"],"fullName":"Admin Impersonation startImpersonation should prevent impersonating other super_admins","status":"passed","title":"should prevent impersonating other super_admins","duration":2.0965999999999667,"failureMessages":[],"meta":{}},{"ancestorTitles":["Admin Impersonation","startImpersonation"],"fullName":"Admin Impersonation startImpersonation should end existing session when starting new one","status":"passed","title":"should end existing session when starting new one","duration":2.2665000000000077,"failureMessages":[],"meta":{}},{"ancestorTitles":["Admin Impersonation","endImpersonation"],"fullName":"Admin Impersonation endImpersonation should end active session","status":"passed","title":"should end active session","duration":1.23599999999999,"failureMessages":[],"meta":{}},{"ancestorTitles":["Admin Impersonation","endImpersonation"],"fullName":"Admin Impersonation endImpersonation should prevent ending another admin session","status":"passed","title":"should prevent ending another admin session","duration":0.9761999999999489,"failureMessages":[],"meta":{}},{"ancestorTitles":["Admin Impersonation","trackImpersonationAction"],"fullName":"Admin Impersonation trackImpersonationAction should increment action count for session owner","status":"passed","title":"should increment action count for session owner","duration":1.4705999999999904,"failureMessages":[],"meta":{}},{"ancestorTitles":["Admin Impersonation","trackImpersonationAction"],"fullName":"Admin Impersonation trackImpersonationAction should reject tracking from non-session-owner","status":"passed","title":"should reject tracking from non-session-owner","duration":1.598099999999988,"failureMessages":[],"meta":{}},{"ancestorTitles":["Admin Impersonation","cleanupExpiredSessions"],"fullName":"Admin Impersonation cleanupExpiredSessions should mark expired sessions as expired","status":"passed","title":"should mark expired sessions as expired","duration":1.6573999999999955,"failureMessages":[],"meta":{}},{"ancestorTitles":["Admin Impersonation","getImpersonationHistory"],"fullName":"Admin Impersonation getImpersonationHistory should return history for super_admin only","status":"failed","title":"should return history for super_admin only","duration":3.628900000000044,"failureMessages":["AssertionError: expected [] to have a length of 1 but got +0\n    at Proxy.<anonymous> (file:///C:/Users/josia/Desktop/Anti_MartAI/MartAI/node_modules/@vitest/expect/dist/index.js:1322:20)\n    at Proxy.<anonymous> (file:///C:/Users/josia/Desktop/Anti_MartAI/MartAI/node_modules/@vitest/expect/dist/index.js:1090:14)\n    at Proxy.methodWrapper (file:///C:/Users/josia/Desktop/Anti_MartAI/MartAI/node_modules/chai/index.js:1700:25)\n    at C:/Users/josia/Desktop/Anti_MartAI/MartAI/__tests__/convex/security/impersonation.test.ts:483:23\n    at processTicksAndRejections (node:internal/process/task_queues:105:5)\n    at file:///C:/Users/josia/Desktop/Anti_MartAI/MartAI/node_modules/@vitest/runner/dist/index.js:915:20"],"meta":{}},{"ancestorTitles":["Admin Impersonation","getImpersonationHistory"],"fullName":"Admin Impersonation getImpersonationHistory should return empty for non-super_admin","status":"passed","title":"should return empty for non-super_admin","duration":0.9233000000000402,"failureMessages":[],"meta":{}}],"startTime":1774554976622,"endTime":1774554976682.9233,"status":"failed","message":"","name":"C:/Users/josia/Desktop/Anti_MartAI/MartAI/__tests__/convex/security/impersonation.test.ts"}]}
